# JRE version: OpenJDK Runtime Environment (8.0_152-b02) (build 1.8.0_152-release-1024-b02)
# Java VM: OpenJDK 64-Bit Server VM (25.152-b02 mixed mode windows-amd64 compressed oops)
Heap:
 PSYoungGen      total 248320K, used 31322K [0x00000000e0000000, 0x00000000f3c00000, 0x0000000100000000)
  eden space 227840K, 13% used [0x00000000e0000000,0x00000000e1e96b28,0x00000000ede80000)
  from space 20480K, 0% used [0x00000000f0480000,0x00000000f0480000,0x00000000f1880000)
  to   space 38912K, 0% used [0x00000000ede80000,0x00000000ede80000,0x00000000f0480000)
 ParOldGen       total 141824K, used 125388K [0x00000000a0000000, 0x00000000a8a80000, 0x00000000e0000000)
  object space 141824K, 88% used [0x00000000a0000000,0x00000000a7a73078,0x00000000a8a80000)
 Metaspace       used 90486K, capacity 95530K, committed 95576K, reserved 1132544K
  class space    used 11404K, capacity 12404K, committed 12416K, reserved 1048576K
GC Heap History (10 events):
Event: 2401.047 GC heap before
{Heap before GC invocations=53 (full 4):
 PSYoungGen      total 194048K, used 183044K [0x00000000e0000000, 0x00000000ed300000, 0x0000000100000000)
  eden space 173056K, 100% used [0x00000000e0000000,0x00000000ea900000,0x00000000ea900000)
  from space 20992K, 47% used [0x00000000ebe80000,0x00000000ec8412f0,0x00000000ed300000)
  to   space 21504K, 0% used [0x00000000ea900000,0x00000000ea900000,0x00000000ebe00000)
 ParOldGen       total 141824K, used 76899K [0x00000000a0000000, 0x00000000a8a80000, 0x00000000e0000000)
  object space 141824K, 54% used [0x00000000a0000000,0x00000000a4b18d50,0x00000000a8a80000)
 Metaspace       used 89650K, capacity 94768K, committed 94808K, reserved 1132544K
  class space    used 11394K, capacity 12405K, committed 12416K, reserved 1048576K
Event: 2401.087 GC heap after
Heap after GC invocations=53 (full 4):
 PSYoungGen      total 194560K, used 11273K [0x00000000e0000000, 0x00000000ef280000, 0x0000000100000000)
  eden space 173056K, 0% used [0x00000000e0000000,0x00000000e0000000,0x00000000ea900000)
  from space 21504K, 52% used [0x00000000ea900000,0x00000000eb402678,0x00000000ebe00000)
  to   space 20480K, 0% used [0x00000000ede80000,0x00000000ede80000,0x00000000ef280000)
 ParOldGen       total 141824K, used 77187K [0x00000000a0000000, 0x00000000a8a80000, 0x00000000e0000000)
  object space 141824K, 54% used [0x00000000a0000000,0x00000000a4b60d60,0x00000000a8a80000)
 Metaspace       used 89650K, capacity 94768K, committed 94808K, reserved 1132544K
  class space    used 11394K, capacity 12405K, committed 12416K, reserved 1048576K
}
Event: 2404.805 GC heap before
{Heap before GC invocations=54 (full 4):
 PSYoungGen      total 194560K, used 184329K [0x00000000e0000000, 0x00000000ef280000, 0x0000000100000000)
  eden space 173056K, 100% used [0x00000000e0000000,0x00000000ea900000,0x00000000ea900000)
  from space 21504K, 52% used [0x00000000ea900000,0x00000000eb402678,0x00000000ebe00000)
  to   space 20480K, 0% used [0x00000000ede80000,0x00000000ede80000,0x00000000ef280000)
 ParOldGen       total 141824K, used 77187K [0x00000000a0000000, 0x00000000a8a80000, 0x00000000e0000000)
  object space 141824K, 54% used [0x00000000a0000000,0x00000000a4b60d60,0x00000000a8a80000)
 Metaspace       used 90156K, capacity 95266K, committed 95320K, reserved 1132544K
  class space    used 11403K, capacity 12406K, committed 12416K, reserved 1048576K
Event: 2404.849 GC heap after
Heap after GC invocations=54 (full 4):
 PSYoungGen      total 225792K, used 12960K [0x00000000e0000000, 0x00000000ef100000, 0x0000000100000000)
  eden space 206848K, 0% used [0x00000000e0000000,0x00000000e0000000,0x00000000eca00000)
  from space 18944K, 68% used [0x00000000ede80000,0x00000000eeb281a8,0x00000000ef100000)
  to   space 19968K, 0% used [0x00000000eca00000,0x00000000eca00000,0x00000000edd80000)
 ParOldGen       total 141824K, used 81365K [0x00000000a0000000, 0x00000000a8a80000, 0x00000000e0000000)
  object space 141824K, 57% used [0x00000000a0000000,0x00000000a4f754c8,0x00000000a8a80000)
 Metaspace       used 90156K, capacity 95266K, committed 95320K, reserved 1132544K
  class space    used 11403K, capacity 12406K, committed 12416K, reserved 1048576K
}
Event: 2412.068 GC heap before
{Heap before GC invocations=55 (full 4):
 PSYoungGen      total 225792K, used 219808K [0x00000000e0000000, 0x00000000ef100000, 0x0000000100000000)
  eden space 206848K, 100% used [0x00000000e0000000,0x00000000eca00000,0x00000000eca00000)
  from space 18944K, 68% used [0x00000000ede80000,0x00000000eeb281a8,0x00000000ef100000)
  to   space 19968K, 0% used [0x00000000eca00000,0x00000000eca00000,0x00000000edd80000)
 ParOldGen       total 141824K, used 81365K [0x00000000a0000000, 0x00000000a8a80000, 0x00000000e0000000)
  object space 141824K, 57% used [0x00000000a0000000,0x00000000a4f754c8,0x00000000a8a80000)
 Metaspace       used 90311K, capacity 95410K, committed 95576K, reserved 1132544K
  class space    used 11405K, capacity 12406K, committed 12416K, reserved 1048576K
Event: 2412.083 GC heap after
Heap after GC invocations=55 (full 4):
 PSYoungGen      total 226816K, used 4185K [0x00000000e0000000, 0x00000000f1880000, 0x0000000100000000)
  eden space 206848K, 0% used [0x00000000e0000000,0x00000000e0000000,0x00000000eca00000)
  from space 19968K, 20% used [0x00000000eca00000,0x00000000ece165d8,0x00000000edd80000)
  to   space 20480K, 0% used [0x00000000f0480000,0x00000000f0480000,0x00000000f1880000)
 ParOldGen       total 141824K, used 83472K [0x00000000a0000000, 0x00000000a8a80000, 0x00000000e0000000)
  object space 141824K, 58% used [0x00000000a0000000,0x00000000a51841b0,0x00000000a8a80000)
 Metaspace       used 90311K, capacity 95410K, committed 95576K, reserved 1132544K
  class space    used 11405K, capacity 12406K, committed 12416K, reserved 1048576K
}
Event: 2416.014 GC heap before
{Heap before GC invocations=56 (full 4):
 PSYoungGen      total 226816K, used 211033K [0x00000000e0000000, 0x00000000f1880000, 0x0000000100000000)
  eden space 206848K, 100% used [0x00000000e0000000,0x00000000eca00000,0x00000000eca00000)
  from space 19968K, 20% used [0x00000000eca00000,0x00000000ece165d8,0x00000000edd80000)
  to   space 20480K, 0% used [0x00000000f0480000,0x00000000f0480000,0x00000000f1880000)
 ParOldGen       total 141824K, used 83472K [0x00000000a0000000, 0x00000000a8a80000, 0x00000000e0000000)
  object space 141824K, 58% used [0x00000000a0000000,0x00000000a51841b0,0x00000000a8a80000)
 Metaspace       used 90461K, capacity 95542K, committed 95576K, reserved 1132544K
  class space    used 11405K, capacity 12406K, committed 12416K, reserved 1048576K
Event: 2416.212 GC heap after
Heap after GC invocations=56 (full 4):
 PSYoungGen      total 248320K, used 20479K [0x00000000e0000000, 0x00000000f3c00000, 0x0000000100000000)
  eden space 227840K, 0% used [0x00000000e0000000,0x00000000e0000000,0x00000000ede80000)
  from space 20480K, 99% used [0x00000000f0480000,0x00000000f187fca8,0x00000000f1880000)
  to   space 38912K, 0% used [0x00000000ede80000,0x00000000ede80000,0x00000000f0480000)
 ParOldGen       total 141824K, used 126244K [0x00000000a0000000, 0x00000000a8a80000, 0x00000000e0000000)
  object space 141824K, 89% used [0x00000000a0000000,0x00000000a7b49118,0x00000000a8a80000)
 Metaspace       used 90461K, capacity 95542K, committed 95576K, reserved 1132544K
  class space    used 11405K, capacity 12406K, committed 12416K, reserved 1048576K
}
Event: 2416.212 GC heap before
{Heap before GC invocations=57 (full 5):
 PSYoungGen      total 248320K, used 20479K [0x00000000e0000000, 0x00000000f3c00000, 0x0000000100000000)
  eden space 227840K, 0% used [0x00000000e0000000,0x00000000e0000000,0x00000000ede80000)
  from space 20480K, 99% used [0x00000000f0480000,0x00000000f187fca8,0x00000000f1880000)
  to   space 38912K, 0% used [0x00000000ede80000,0x00000000ede80000,0x00000000f0480000)
 ParOldGen       total 141824K, used 126244K [0x00000000a0000000, 0x00000000a8a80000, 0x00000000e0000000)
  object space 141824K, 89% used [0x00000000a0000000,0x00000000a7b49118,0x00000000a8a80000)
 Metaspace       used 90461K, capacity 95542K, committed 95576K, reserved 1132544K
  class space    used 11405K, capacity 12406K, committed 12416K, reserved 1048576K
Event: 2417.904 GC heap after
Heap after GC invocations=57 (full 5):
 PSYoungGen      total 248320K, used 0K [0x00000000e0000000, 0x00000000f3c00000, 0x0000000100000000)
  eden space 227840K, 0% used [0x00000000e0000000,0x00000000e0000000,0x00000000ede80000)
  from space 20480K, 0% used [0x00000000f0480000,0x00000000f0480000,0x00000000f1880000)
  to   space 38912K, 0% used [0x00000000ede80000,0x00000000ede80000,0x00000000f0480000)
 ParOldGen       total 141824K, used 125388K [0x00000000a0000000, 0x00000000a8a80000, 0x00000000e0000000)
  object space 141824K, 88% used [0x00000000a0000000,0x00000000a7a73078,0x00000000a8a80000)
 Metaspace       used 90457K, capacity 95530K, committed 95576K, reserved 1132544K
  class space    used 11404K, capacity 12404K, committed 12416K, reserved 1048576K
}

